<?xml version="1.0" encoding="UTF-8"?>
<testng-results skipped="0" failed="0" ignored="0" total="1" passed="1">
  <reporter-output>
  </reporter-output>
  <suite name="Default suite" duration-ms="2485" started-at="2019-01-24T17:42:16Z" finished-at="2019-01-24T17:42:19Z">
    <groups>
      <group name="cucumber">
        <method signature="AbstractTestNGCucumberTests.feature(cucumber.api.testng.CucumberFeatureWrapper)[pri:0, instance:com.os.testRunner.testNGtestRunner@7cd62f43]" name="feature" class="cucumber.api.testng.AbstractTestNGCucumberTests"/>
      </group> <!-- cucumber -->
    </groups>
    <test name="Default test" duration-ms="2485" started-at="2019-01-24T17:42:16Z" finished-at="2019-01-24T17:42:19Z">
      <class name="com.os.testRunner.testNGtestRunner">
        <test-method status="PASS" signature="setUpClass()[pri:0, instance:com.os.testRunner.testNGtestRunner@7cd62f43]" name="setUpClass" is-config="true" duration-ms="1329" started-at="2019-01-24T17:42:16Z" finished-at="2019-01-24T17:42:18Z">
          <reporter-output>
          </reporter-output>
        </test-method> <!-- setUpClass -->
        <test-method status="PASS" signature="feature(cucumber.api.testng.CucumberFeatureWrapper)[pri:0, instance:com.os.testRunner.testNGtestRunner@7cd62f43]" name="feature" duration-ms="142" started-at="2019-01-24T17:42:18Z" description="Runs Cucumber Feature" data-provider="features" finished-at="2019-01-24T17:42:18Z">
          <params>
            <param index="0">
              <value>
                <![CDATA[As a site visitor]]>
              </value>
            </param>
          </params>
          <reporter-output>
          </reporter-output>
        </test-method> <!-- feature -->
        <test-method status="PASS" signature="tearDownClass()[pri:0, instance:com.os.testRunner.testNGtestRunner@7cd62f43]" name="tearDownClass" is-config="true" duration-ms="121" started-at="2019-01-24T17:42:18Z" finished-at="2019-01-24T17:42:19Z">
          <reporter-output>
          </reporter-output>
        </test-method> <!-- tearDownClass -->
      </class> <!-- com.os.testRunner.testNGtestRunner -->
    </test> <!-- Default test -->
  </suite> <!-- Default suite -->
</testng-results>
